生成启动时间为 3/6/2016 4:04:52 PM。
     1>项目“E:\TSR\TSR\TSR.vcxproj”在节点 2 上(Build 个目标)。
     1>ClCompile:
         C:\Program Files (x86)\Microsoft Visual Studio 11.0\VC\bin\CL.exe /c /ZI /nologo /W3 /WX- /sdl /Od /Oy- /D WIN32 /D _WINDOWS /D _DEBUG /D _CRT_SECURE_NO_WARNINGS /D _MBCS /Gm /EHsc /RTC1 /MTd /GS /fp:precise /Zc:wchar_t /Zc:forScope /Yc"stdafx.h" /Fp"Debug\TSR.pch" /Fo"Debug\\" /Fd"Debug\vc110.pdb" /Gd /TP /analyze- /errorReport:prompt stdafx.cpp
         stdafx.cpp
         C:\Program Files (x86)\Microsoft Visual Studio 11.0\VC\bin\CL.exe /c /ZI /nologo /W3 /WX- /sdl /Od /Oy- /D WIN32 /D _WINDOWS /D _DEBUG /D _CRT_SECURE_NO_WARNINGS /D _MBCS /Gm /EHsc /RTC1 /MTd /GS /fp:precise /Zc:wchar_t /Zc:forScope /Yu"stdafx.h" /Fp"Debug\TSR.pch" /Fo"Debug\\" /Fd"Debug\vc110.pdb" /Gd /TP /analyze- /errorReport:prompt CvvImage.cpp ROIDetect.cpp ROIPrepro.cpp SVM.cpp TSR.cpp TSRDlg.cpp
         TSRDlg.cpp
     1>e:\tsr\tsr\tsrdlg.h(1): fatal error C1083: 无法打开包括文件:“cv.h”: No such file or directory
         TSR.cpp
     1>e:\tsr\tsr\tsrdlg.h(1): fatal error C1083: 无法打开包括文件:“cv.h”: No such file or directory
         SVM.cpp
     1>e:\tsr\tsr\tsrdlg.h(1): fatal error C1083: 无法打开包括文件:“cv.h”: No such file or directory
         ROIPrepro.cpp
     1>e:\tsr\tsr\tsrdlg.h(1): fatal error C1083: 无法打开包括文件:“cv.h”: No such file or directory
         ROIDetect.cpp
     1>e:\tsr\tsr\tsrdlg.h(1): fatal error C1083: 无法打开包括文件:“cv.h”: No such file or directory
         CvvImage.cpp
     1>e:\tsr\tsr\cvvimage.h(4): fatal error C1083: 无法打开包括文件:“opencv.hpp”: No such file or directory
         正在生成代码...
     1>已完成生成项目“E:\TSR\TSR\TSR.vcxproj”(Build 个目标)的操作 - 失败。

生成失败。

已用时间 00:00:27.20
